<?xml version="1.0" encoding="UTF-8"?>
<testsuite xmlns:xsi="http://www.w3.org/2001/XMLSchema-instance" xsi:noNamespaceSchemaLocation="https://maven.apache.org/surefire/maven-surefire-plugin/xsd/surefire-test-report.xsd" name="pl.edu.pw.ee.LongestCommonSubsequenceTest" time="10.021" tests="23" errors="0" skipped="0" failures="0">
  <properties>
[...]
</properties>
  <testcase name="shouldCorrectlyFindLCSAndDisplayTableForWordsWithTwoDifferentLengthLCS" classname="pl.edu.pw.ee.LongestCommonSubsequenceTest" time="3.446"/>
  <testcase name="shouldCorrectlyFindLCSAndDisplayTableForWordsWithSpaceCharacter" classname="pl.edu.pw.ee.LongestCommonSubsequenceTest" time="0.32"/>
  <testcase name="shouldCorrectlyFindLCSAndDisplayTableForWordsWithDigits" classname="pl.edu.pw.ee.LongestCommonSubsequenceTest" time="0.089"/>
  <testcase name="shouldCorrectlyFindLCSAndDisplayTableForExampleWords" classname="pl.edu.pw.ee.LongestCommonSubsequenceTest" time="0.096"/>
  <testcase name="throwIllegalArgumentExceptionWhenStringsAreNull" classname="pl.edu.pw.ee.LongestCommonSubsequenceTest" time="0"/>
  <testcase name="shouldCorrectlyFindLCSAndDisplayTableForWordsWithoutCommonSigns" classname="pl.edu.pw.ee.LongestCommonSubsequenceTest" time="0.052"/>
  <testcase name="shouldCorrectlyFindLCSAndDisplayTableForDifferentOneLetterWords" classname="pl.edu.pw.ee.LongestCommonSubsequenceTest" time="0.015"/>
  <testcase name="shouldCorrectlyFindLCSAndDisplayTableForIdenticalWordsWith20SameCharacters" classname="pl.edu.pw.ee.LongestCommonSubsequenceTest" time="0.557"/>
  <testcase name="shouldCorrectlyFindLCSAndDisplayTableForEmptyWords" classname="pl.edu.pw.ee.LongestCommonSubsequenceTest" time="0.008"/>
  <testcase name="shouldCorrectlyFindLCSAndDisplayTableForWordsWithSpaceCharacter2" classname="pl.edu.pw.ee.LongestCommonSubsequenceTest" time="0.119"/>
  <testcase name="shouldCorrectlyFindLCSAndDisplayTableForDifferentTwoLetterWords" classname="pl.edu.pw.ee.LongestCommonSubsequenceTest" time="0.038"/>
  <testcase name="throwIllegalArgumentExceptionWhenFirstStringIsNull" classname="pl.edu.pw.ee.LongestCommonSubsequenceTest" time="0"/>
  <testcase name="shouldCorrectlyFindLCSAndDisplayTableForIdenticalWords" classname="pl.edu.pw.ee.LongestCommonSubsequenceTest" time="0.135"/>
  <testcase name="throwIllegalArgumentExceptionWhenSecondStringIsNull" classname="pl.edu.pw.ee.LongestCommonSubsequenceTest" time="0.001"/>
  <testcase name="shouldCorrectlyFindLCSAndDisplayTableForWordsWithTabCharacter" classname="pl.edu.pw.ee.LongestCommonSubsequenceTest" time="0.076"/>
  <testcase name="shouldCorrectlyFindLCSAndDisplayTableForIdenticalOneLetterWords" classname="pl.edu.pw.ee.LongestCommonSubsequenceTest" time="0.011"/>
  <testcase name="shouldCorrectlyFindLCSAndDisplayTableForWordsWithTwoSameLengthLCS" classname="pl.edu.pw.ee.LongestCommonSubsequenceTest" time="0.132"/>
  <testcase name="shouldCorrectlyFindLCSAndDisplayTableForIdenticalTwoLetterWords" classname="pl.edu.pw.ee.LongestCommonSubsequenceTest" time="0.015"/>
  <testcase name="shouldCorrectlyFindLCSAndDisplayTableForWordsWithNewLineCharacter3" classname="pl.edu.pw.ee.LongestCommonSubsequenceTest" time="0.091"/>
  <testcase name="shouldCorrectlyFindLCSAndDisplayTableForWordsWithNewLineCharacter" classname="pl.edu.pw.ee.LongestCommonSubsequenceTest" time="0.095"/>
  <testcase name="shouldCorrectlyFindLCSAndDisplayTableForWordsWithRCharacter" classname="pl.edu.pw.ee.LongestCommonSubsequenceTest" time="3.669"/>
  <testcase name="shouldCorrectlyFindLCSAndDisplayTableForOneEmptyWordOnSecondPosition" classname="pl.edu.pw.ee.LongestCommonSubsequenceTest" time="0.261"/>
  <testcase name="shouldCorrectlyFindLCSAndDisplayTableForOneEmptyWord" classname="pl.edu.pw.ee.LongestCommonSubsequenceTest" time="0.39"/>
</testsuite>